<?xml version="1.0" encoding="UTF-8"?>
<!-- Generated by org.testng.reporters.JUnitXMLReporter -->
<testsuite hostname="krish" ignored="0" name="Default test" tests="3" failures="0" timestamp="2023-02-24T18:50:46 IST" time="23.895" errors="0">
  <testcase name="DataProvSampleTest" time="10.198" classname="testngdataprivider.t1"/>
  <testcase name="DataProvSampleTest" time="6.519" classname="testngdataprivider.t1"/>
  <testcase name="DataProvSampleTest" time="7.11" classname="testngdataprivider.t1"/>
</testsuite> <!-- Default test -->
