<?xml version="1.0" encoding="UTF-8"?>
<testng-results skipped="0" failed="0" ignored="0" total="3" passed="3">
  <reporter-output>
  </reporter-output>
  <suite name="Default suite" duration-ms="23895" started-at="2023-02-24T18:50:22 IST" finished-at="2023-02-24T18:50:46 IST">
    <groups>
    </groups>
    <test name="Default test" duration-ms="23895" started-at="2023-02-24T18:50:22 IST" finished-at="2023-02-24T18:50:46 IST">
      <class name="testngdataprivider.t1">
        <test-method status="PASS" signature="DataProvSampleTest(java.lang.String,java.lang.String,java.lang.String)[pri:0, instance:testngdataprivider.t1@80169cf]" name="DataProvSampleTest" duration-ms="10198" started-at="2023-02-24T18:50:22 IST" data-provider="dhivya" finished-at="2023-02-24T18:50:32 IST">
          <params>
            <param index="0">
              <value>
                <![CDATA[valid]]>
              </value>
            </param>
            <param index="1">
              <value>
                <![CDATA[Dhivyakarthi123]]>
              </value>
            </param>
            <param index="2">
              <value>
                <![CDATA[12345]]>
              </value>
            </param>
          </params>
          <reporter-output>
          </reporter-output>
        </test-method> <!-- DataProvSampleTest -->
        <test-method status="PASS" signature="DataProvSampleTest(java.lang.String,java.lang.String,java.lang.String)[pri:0, instance:testngdataprivider.t1@80169cf]" name="DataProvSampleTest" duration-ms="6519" started-at="2023-02-24T18:50:32 IST" data-provider="dhivya" finished-at="2023-02-24T18:50:39 IST">
          <params>
            <param index="0">
              <value>
                <![CDATA[invalid]]>
              </value>
            </param>
            <param index="1">
              <value>
                <![CDATA[DDD]]>
              </value>
            </param>
            <param index="2">
              <value>
                <![CDATA[555]]>
              </value>
            </param>
          </params>
          <reporter-output>
          </reporter-output>
        </test-method> <!-- DataProvSampleTest -->
        <test-method status="PASS" signature="DataProvSampleTest(java.lang.String,java.lang.String,java.lang.String)[pri:0, instance:testngdataprivider.t1@80169cf]" name="DataProvSampleTest" duration-ms="7110" started-at="2023-02-24T18:50:39 IST" data-provider="dhivya" finished-at="2023-02-24T18:50:46 IST">
          <params>
            <param index="0">
              <value>
                <![CDATA[in]]>
              </value>
            </param>
            <param index="1">
              <value>
                <![CDATA[DEEPA]]>
              </value>
            </param>
            <param index="2">
              <value>
                <![CDATA[3456]]>
              </value>
            </param>
          </params>
          <reporter-output>
          </reporter-output>
        </test-method> <!-- DataProvSampleTest -->
      </class> <!-- testngdataprivider.t1 -->
    </test> <!-- Default test -->
  </suite> <!-- Default suite -->
</testng-results>
